{"name":"hexo","hostname":"DESKTOP-4U28GDB","pid":16544,"level":20,"msg":"Hexo version: \u001b[35m3.2.2\u001b[39m","time":"2016-07-04T15:13:21.593Z","v":0}
{"name":"hexo","hostname":"DESKTOP-4U28GDB","pid":16544,"level":20,"msg":"Working directory: \u001b[35mE:\\visual\\hexo\\\u001b[39m","time":"2016-07-04T15:13:21.606Z","v":0}
{"name":"hexo","hostname":"DESKTOP-4U28GDB","pid":16544,"level":20,"msg":"Updating package.json","time":"2016-07-04T15:13:21.755Z","v":0}
{"name":"hexo","hostname":"DESKTOP-4U28GDB","pid":16544,"level":20,"msg":"Config loaded: \u001b[35mE:\\visual\\hexo\\_config.yml\u001b[39m","time":"2016-07-04T15:13:21.777Z","v":0}
{"name":"hexo","hostname":"DESKTOP-4U28GDB","pid":16544,"level":20,"msg":"Plugin loaded: \u001b[35mhexo-deployer-git\u001b[39m","time":"2016-07-04T15:13:22.091Z","v":0}
{"name":"hexo","hostname":"DESKTOP-4U28GDB","pid":16544,"level":20,"msg":"Plugin loaded: \u001b[35mhexo-deployer-openshift\u001b[39m","time":"2016-07-04T15:13:22.396Z","v":0}
{"name":"hexo","hostname":"DESKTOP-4U28GDB","pid":16544,"level":20,"msg":"Plugin loaded: \u001b[35mhexo-deployer-heroku\u001b[39m","time":"2016-07-04T15:13:22.718Z","v":0}
{"name":"hexo","hostname":"DESKTOP-4U28GDB","pid":16544,"level":20,"msg":"Plugin loaded: \u001b[35mhexo-deployer-rsync\u001b[39m","time":"2016-07-04T15:13:22.804Z","v":0}
{"name":"hexo","hostname":"DESKTOP-4U28GDB","pid":16544,"level":20,"msg":"Plugin loaded: \u001b[35mhexo-generator-category\u001b[39m","time":"2016-07-04T15:13:22.817Z","v":0}
{"name":"hexo","hostname":"DESKTOP-4U28GDB","pid":16544,"level":20,"msg":"Plugin loaded: \u001b[35mhexo-generator-archive\u001b[39m","time":"2016-07-04T15:13:22.828Z","v":0}
{"name":"hexo","hostname":"DESKTOP-4U28GDB","pid":16544,"level":20,"msg":"Plugin loaded: \u001b[35mhexo-generator-feed\u001b[39m","time":"2016-07-04T15:13:22.886Z","v":0}
{"name":"hexo","hostname":"DESKTOP-4U28GDB","pid":16544,"level":20,"msg":"Plugin loaded: \u001b[35mhexo-generator-index\u001b[39m","time":"2016-07-04T15:13:22.893Z","v":0}
{"name":"hexo","hostname":"DESKTOP-4U28GDB","pid":16544,"level":20,"msg":"Plugin loaded: \u001b[35mhexo-generator-sitemap\u001b[39m","time":"2016-07-04T15:13:22.906Z","v":0}
{"name":"hexo","hostname":"DESKTOP-4U28GDB","pid":16544,"level":20,"msg":"Plugin loaded: \u001b[35mhexo-renderer-ejs\u001b[39m","time":"2016-07-04T15:13:22.916Z","v":0}
{"name":"hexo","hostname":"DESKTOP-4U28GDB","pid":16544,"level":20,"msg":"Plugin loaded: \u001b[35mhexo-renderer-marked\u001b[39m","time":"2016-07-04T15:13:23.051Z","v":0}
{"name":"hexo","hostname":"DESKTOP-4U28GDB","pid":16544,"level":20,"msg":"Plugin loaded: \u001b[35mhexo-renderer-stylus\u001b[39m","time":"2016-07-04T15:13:23.287Z","v":0}
{"name":"hexo","hostname":"DESKTOP-4U28GDB","pid":16544,"level":20,"msg":"Plugin loaded: \u001b[35mhexo-generator-tag\u001b[39m","time":"2016-07-04T15:13:23.299Z","v":0}
{"name":"hexo","hostname":"DESKTOP-4U28GDB","pid":16544,"level":20,"msg":"Script loaded: \u001b[35mthemes\\next\\scripts\\merge-configs.js\u001b[39m","time":"2016-07-04T15:13:23.301Z","v":0}
{"name":"hexo","hostname":"DESKTOP-4U28GDB","pid":16544,"level":20,"msg":"Script loaded: \u001b[35mthemes\\next\\scripts\\tags\\center-quote.js\u001b[39m","time":"2016-07-04T15:13:23.304Z","v":0}
{"name":"hexo","hostname":"DESKTOP-4U28GDB","pid":16544,"level":20,"msg":"Script loaded: \u001b[35mthemes\\next\\scripts\\tags\\full-image.js\u001b[39m","time":"2016-07-04T15:13:23.307Z","v":0}
{"name":"hexo","hostname":"DESKTOP-4U28GDB","pid":16544,"level":20,"msg":"Plugin loaded: \u001b[35mhexo-server\u001b[39m","time":"2016-07-04T15:13:23.500Z","v":0}
{"name":"hexo","hostname":"DESKTOP-4U28GDB","pid":16544,"level":20,"msg":"Script loaded: \u001b[35mthemes\\next\\scripts\\tags\\group-pictures.js\u001b[39m","time":"2016-07-04T15:13:23.503Z","v":0}
{"name":"hexo","hostname":"DESKTOP-4U28GDB","pid":16544,"level":30,"msg":"Start processing","time":"2016-07-04T15:13:23.520Z","v":0}
{"name":"hexo","hostname":"DESKTOP-4U28GDB","pid":16544,"level":20,"msg":"Theme config loaded.","time":"2016-07-04T15:13:23.706Z","v":0}
{"name":"hexo","hostname":"DESKTOP-4U28GDB","pid":16544,"level":20,"msg":"Processed: \u001b[35m_config.yml\u001b[39m","time":"2016-07-04T15:13:23.710Z","v":0}
{"name":"hexo","hostname":"DESKTOP-4U28GDB","pid":16544,"level":20,"msg":"Processed: \u001b[35msource/css/main.styl\u001b[39m","time":"2016-07-04T15:13:23.739Z","v":0}
{"name":"hexo","hostname":"DESKTOP-4U28GDB","pid":16544,"level":20,"msg":"Processed: \u001b[35msource/images/avatar.gif\u001b[39m","time":"2016-07-04T15:13:23.741Z","v":0}
{"name":"hexo","hostname":"DESKTOP-4U28GDB","pid":16544,"level":20,"msg":"Processed: \u001b[35msource/images/cc-by-nc-nd.svg\u001b[39m","time":"2016-07-04T15:13:23.744Z","v":0}
{"name":"hexo","hostname":"DESKTOP-4U28GDB","pid":16544,"level":20,"msg":"Processed: \u001b[35msource/images/cc-by-nc-sa.svg\u001b[39m","time":"2016-07-04T15:13:23.746Z","v":0}
{"name":"hexo","hostname":"DESKTOP-4U28GDB","pid":16544,"level":20,"msg":"Processed: \u001b[35msource/images/cc-by-nc.svg\u001b[39m","time":"2016-07-04T15:13:23.748Z","v":0}
{"name":"hexo","hostname":"DESKTOP-4U28GDB","pid":16544,"level":20,"msg":"Processed: \u001b[35msource/images/cc-by-nd.svg\u001b[39m","time":"2016-07-04T15:13:23.750Z","v":0}
{"name":"hexo","hostname":"DESKTOP-4U28GDB","pid":16544,"level":20,"msg":"Processed: \u001b[35msource/images/cc-by-sa.svg\u001b[39m","time":"2016-07-04T15:13:23.752Z","v":0}
{"name":"hexo","hostname":"DESKTOP-4U28GDB","pid":16544,"level":20,"msg":"Processed: \u001b[35msource/images/cc-by.svg\u001b[39m","time":"2016-07-04T15:13:23.754Z","v":0}
{"name":"hexo","hostname":"DESKTOP-4U28GDB","pid":16544,"level":20,"msg":"Processed: \u001b[35msource/images/cc-zero.svg\u001b[39m","time":"2016-07-04T15:13:23.755Z","v":0}
{"name":"hexo","hostname":"DESKTOP-4U28GDB","pid":16544,"level":20,"msg":"Processed: \u001b[35msource/images/loading.gif\u001b[39m","time":"2016-07-04T15:13:23.757Z","v":0}
{"name":"hexo","hostname":"DESKTOP-4U28GDB","pid":16544,"level":20,"msg":"Processed: \u001b[35msource/images/placeholder.gif\u001b[39m","time":"2016-07-04T15:13:23.760Z","v":0}
{"name":"hexo","hostname":"DESKTOP-4U28GDB","pid":16544,"level":20,"msg":"Processed: \u001b[35msource/images/quote-l.svg\u001b[39m","time":"2016-07-04T15:13:23.762Z","v":0}
{"name":"hexo","hostname":"DESKTOP-4U28GDB","pid":16544,"level":20,"msg":"Processed: \u001b[35msource/images/quote-r.svg\u001b[39m","time":"2016-07-04T15:13:23.764Z","v":0}
{"name":"hexo","hostname":"DESKTOP-4U28GDB","pid":16544,"level":20,"msg":"Processed: \u001b[35msource/images/searchicon.png\u001b[39m","time":"2016-07-04T15:13:23.765Z","v":0}
{"name":"hexo","hostname":"DESKTOP-4U28GDB","pid":16544,"level":20,"msg":"Processed: \u001b[35mlayout/_layout.swig\u001b[39m","time":"2016-07-04T15:13:23.951Z","v":0}
{"name":"hexo","hostname":"DESKTOP-4U28GDB","pid":16544,"level":20,"msg":"Processed: \u001b[35mlayout/archive.swig\u001b[39m","time":"2016-07-04T15:13:23.962Z","v":0}
{"name":"hexo","hostname":"DESKTOP-4U28GDB","pid":16544,"level":20,"msg":"Processed: \u001b[35mlayout/category.swig\u001b[39m","time":"2016-07-04T15:13:23.965Z","v":0}
{"name":"hexo","hostname":"DESKTOP-4U28GDB","pid":16544,"level":20,"msg":"Processed: \u001b[35mlayout/index.swig\u001b[39m","time":"2016-07-04T15:13:23.967Z","v":0}
{"name":"hexo","hostname":"DESKTOP-4U28GDB","pid":16544,"level":20,"msg":"Processed: \u001b[35mlayout/page.swig\u001b[39m","time":"2016-07-04T15:13:23.973Z","v":0}
{"name":"hexo","hostname":"DESKTOP-4U28GDB","pid":16544,"level":20,"msg":"Processed: \u001b[35mlayout/post.swig\u001b[39m","time":"2016-07-04T15:13:23.978Z","v":0}
{"name":"hexo","hostname":"DESKTOP-4U28GDB","pid":16544,"level":20,"msg":"Processed: \u001b[35m_posts/hello-world.md\u001b[39m","time":"2016-07-04T15:13:24.002Z","v":0}
{"name":"hexo","hostname":"DESKTOP-4U28GDB","pid":16544,"level":20,"msg":"Processed: \u001b[35mlanguages/de.yml\u001b[39m","time":"2016-07-04T15:13:24.005Z","v":0}
{"name":"hexo","hostname":"DESKTOP-4U28GDB","pid":16544,"level":20,"msg":"Processed: \u001b[35mlanguages/default.yml\u001b[39m","time":"2016-07-04T15:13:24.012Z","v":0}
{"name":"hexo","hostname":"DESKTOP-4U28GDB","pid":16544,"level":20,"msg":"Processed: \u001b[35mlanguages/en.yml\u001b[39m","time":"2016-07-04T15:13:24.014Z","v":0}
{"name":"hexo","hostname":"DESKTOP-4U28GDB","pid":16544,"level":20,"msg":"Processed: \u001b[35mlanguages/fr-FR.yml\u001b[39m","time":"2016-07-04T15:13:24.016Z","v":0}
{"name":"hexo","hostname":"DESKTOP-4U28GDB","pid":16544,"level":20,"msg":"Processed: \u001b[35mlanguages/id.yml\u001b[39m","time":"2016-07-04T15:13:24.018Z","v":0}
{"name":"hexo","hostname":"DESKTOP-4U28GDB","pid":16544,"level":20,"msg":"Processed: \u001b[35mlanguages/ja.yml\u001b[39m","time":"2016-07-04T15:13:24.020Z","v":0}
{"name":"hexo","hostname":"DESKTOP-4U28GDB","pid":16544,"level":20,"msg":"Processed: \u001b[35mlanguages/pt-BR.yml\u001b[39m","time":"2016-07-04T15:13:24.022Z","v":0}
{"name":"hexo","hostname":"DESKTOP-4U28GDB","pid":16544,"level":20,"msg":"Processed: \u001b[35mlanguages/ru.yml\u001b[39m","time":"2016-07-04T15:13:24.027Z","v":0}
{"name":"hexo","hostname":"DESKTOP-4U28GDB","pid":16544,"level":20,"msg":"Processed: \u001b[35mlanguages/pt.yml\u001b[39m","time":"2016-07-04T15:13:24.028Z","v":0}
{"name":"hexo","hostname":"DESKTOP-4U28GDB","pid":16544,"level":20,"msg":"Processed: \u001b[35mlanguages/zh-Hans.yml\u001b[39m","time":"2016-07-04T15:13:24.030Z","v":0}
{"name":"hexo","hostname":"DESKTOP-4U28GDB","pid":16544,"level":20,"msg":"Processed: \u001b[35mlanguages/zh-hk.yml\u001b[39m","time":"2016-07-04T15:13:24.032Z","v":0}
{"name":"hexo","hostname":"DESKTOP-4U28GDB","pid":16544,"level":20,"msg":"Processed: \u001b[35mlanguages/zh-tw.yml\u001b[39m","time":"2016-07-04T15:13:24.034Z","v":0}
{"name":"hexo","hostname":"DESKTOP-4U28GDB","pid":16544,"level":20,"msg":"Processed: \u001b[35mlayout/tag.swig\u001b[39m","time":"2016-07-04T15:13:24.140Z","v":0}
{"name":"hexo","hostname":"DESKTOP-4U28GDB","pid":16544,"level":20,"msg":"Processed: \u001b[35msource/js/src/affix.js\u001b[39m","time":"2016-07-04T15:13:24.165Z","v":0}
{"name":"hexo","hostname":"DESKTOP-4U28GDB","pid":16544,"level":20,"msg":"Processed: \u001b[35msource/js/src/bootstrap.js\u001b[39m","time":"2016-07-04T15:13:24.167Z","v":0}
{"name":"hexo","hostname":"DESKTOP-4U28GDB","pid":16544,"level":20,"msg":"Processed: \u001b[35msource/js/src/motion.js\u001b[39m","time":"2016-07-04T15:13:24.168Z","v":0}
{"name":"hexo","hostname":"DESKTOP-4U28GDB","pid":16544,"level":20,"msg":"Processed: \u001b[35msource/js/src/post-details.js\u001b[39m","time":"2016-07-04T15:13:24.170Z","v":0}
{"name":"hexo","hostname":"DESKTOP-4U28GDB","pid":16544,"level":20,"msg":"Processed: \u001b[35msource/js/src/hook-duoshuo.js\u001b[39m","time":"2016-07-04T15:13:24.172Z","v":0}
{"name":"hexo","hostname":"DESKTOP-4U28GDB","pid":16544,"level":20,"msg":"Processed: \u001b[35msource/js/src/scrollspy.js\u001b[39m","time":"2016-07-04T15:13:24.175Z","v":0}
{"name":"hexo","hostname":"DESKTOP-4U28GDB","pid":16544,"level":20,"msg":"Processed: \u001b[35msource/js/src/utils.js\u001b[39m","time":"2016-07-04T15:13:24.177Z","v":0}
{"name":"hexo","hostname":"DESKTOP-4U28GDB","pid":16544,"level":20,"msg":"Processed: \u001b[35msource/vendors/fastclick/LICENSE\u001b[39m","time":"2016-07-04T15:13:24.181Z","v":0}
{"name":"hexo","hostname":"DESKTOP-4U28GDB","pid":16544,"level":20,"msg":"Processed: \u001b[35msource/vendors/fastclick/README.md\u001b[39m","time":"2016-07-04T15:13:24.186Z","v":0}
{"name":"hexo","hostname":"DESKTOP-4U28GDB","pid":16544,"level":20,"msg":"Processed: \u001b[35msource/vendors/fastclick/bower.json\u001b[39m","time":"2016-07-04T15:13:24.194Z","v":0}
{"name":"hexo","hostname":"DESKTOP-4U28GDB","pid":16544,"level":20,"msg":"Processed: \u001b[35msource/vendors/font-awesome/HELP-US-OUT.txt\u001b[39m","time":"2016-07-04T15:13:24.199Z","v":0}
{"name":"hexo","hostname":"DESKTOP-4U28GDB","pid":16544,"level":20,"msg":"Processed: \u001b[35msource/vendors/font-awesome/bower.json\u001b[39m","time":"2016-07-04T15:13:24.201Z","v":0}
{"name":"hexo","hostname":"DESKTOP-4U28GDB","pid":16544,"level":20,"msg":"Processed: \u001b[35msource/vendors/jquery_lazyload/CONTRIBUTING.md\u001b[39m","time":"2016-07-04T15:13:24.204Z","v":0}
{"name":"hexo","hostname":"DESKTOP-4U28GDB","pid":16544,"level":20,"msg":"Processed: \u001b[35msource/vendors/jquery_lazyload/README.md\u001b[39m","time":"2016-07-04T15:13:24.207Z","v":0}
{"name":"hexo","hostname":"DESKTOP-4U28GDB","pid":16544,"level":20,"msg":"Processed: \u001b[35msource/vendors/jquery_lazyload/bower.json\u001b[39m","time":"2016-07-04T15:13:24.213Z","v":0}
{"name":"hexo","hostname":"DESKTOP-4U28GDB","pid":16544,"level":20,"msg":"Processed: \u001b[35msource/vendors/jquery_lazyload/jquery.lazyload.js\u001b[39m","time":"2016-07-04T15:13:24.216Z","v":0}
{"name":"hexo","hostname":"DESKTOP-4U28GDB","pid":16544,"level":20,"msg":"Processed: \u001b[35msource/vendors/jquery_lazyload/jquery.scrollstop.js\u001b[39m","time":"2016-07-04T15:13:24.218Z","v":0}
{"name":"hexo","hostname":"DESKTOP-4U28GDB","pid":16544,"level":20,"msg":"Processed: \u001b[35msource/vendors/velocity/bower.json\u001b[39m","time":"2016-07-04T15:13:24.222Z","v":0}
{"name":"hexo","hostname":"DESKTOP-4U28GDB","pid":16544,"level":20,"msg":"Processed: \u001b[35msource/vendors/velocity/velocity.min.js\u001b[39m","time":"2016-07-04T15:13:24.224Z","v":0}
{"name":"hexo","hostname":"DESKTOP-4U28GDB","pid":16544,"level":20,"msg":"Processed: \u001b[35msource/vendors/velocity/velocity.ui.js\u001b[39m","time":"2016-07-04T15:13:24.229Z","v":0}
{"name":"hexo","hostname":"DESKTOP-4U28GDB","pid":16544,"level":20,"msg":"Processed: \u001b[35msource/vendors/velocity/velocity.ui.min.js\u001b[39m","time":"2016-07-04T15:13:24.232Z","v":0}
{"name":"hexo","hostname":"DESKTOP-4U28GDB","pid":16544,"level":20,"msg":"Processed: \u001b[35mlayout/_macro/post-collapse.swig\u001b[39m","time":"2016-07-04T15:13:24.289Z","v":0}
{"name":"hexo","hostname":"DESKTOP-4U28GDB","pid":16544,"level":20,"msg":"Processed: \u001b[35mlayout/_macro/reward.swig\u001b[39m","time":"2016-07-04T15:13:24.290Z","v":0}
{"name":"hexo","hostname":"DESKTOP-4U28GDB","pid":16544,"level":20,"msg":"Processed: \u001b[35mlayout/_macro/post.swig\u001b[39m","time":"2016-07-04T15:13:24.292Z","v":0}
{"name":"hexo","hostname":"DESKTOP-4U28GDB","pid":16544,"level":20,"msg":"Processed: \u001b[35mlayout/_macro/sidebar.swig\u001b[39m","time":"2016-07-04T15:13:24.294Z","v":0}
{"name":"hexo","hostname":"DESKTOP-4U28GDB","pid":16544,"level":20,"msg":"Processed: \u001b[35mlayout/_macro/wechat-subscriber.swig\u001b[39m","time":"2016-07-04T15:13:24.296Z","v":0}
{"name":"hexo","hostname":"DESKTOP-4U28GDB","pid":16544,"level":20,"msg":"Processed: \u001b[35mlayout/_partials/comments.swig\u001b[39m","time":"2016-07-04T15:13:24.299Z","v":0}
{"name":"hexo","hostname":"DESKTOP-4U28GDB","pid":16544,"level":20,"msg":"Processed: \u001b[35mlayout/_partials/duoshuo-hot-articles.swig\u001b[39m","time":"2016-07-04T15:13:24.301Z","v":0}
{"name":"hexo","hostname":"DESKTOP-4U28GDB","pid":16544,"level":20,"msg":"Processed: \u001b[35mlayout/_partials/footer.swig\u001b[39m","time":"2016-07-04T15:13:24.304Z","v":0}
{"name":"hexo","hostname":"DESKTOP-4U28GDB","pid":16544,"level":20,"msg":"Processed: \u001b[35mlayout/_partials/head.swig\u001b[39m","time":"2016-07-04T15:13:24.305Z","v":0}
{"name":"hexo","hostname":"DESKTOP-4U28GDB","pid":16544,"level":20,"msg":"Processed: \u001b[35mlayout/_partials/header.swig\u001b[39m","time":"2016-07-04T15:13:24.309Z","v":0}
{"name":"hexo","hostname":"DESKTOP-4U28GDB","pid":16544,"level":20,"msg":"Processed: \u001b[35mlayout/_partials/pagination.swig\u001b[39m","time":"2016-07-04T15:13:24.311Z","v":0}
{"name":"hexo","hostname":"DESKTOP-4U28GDB","pid":16544,"level":20,"msg":"Processed: \u001b[35mlayout/_partials/search.swig\u001b[39m","time":"2016-07-04T15:13:24.316Z","v":0}
{"name":"hexo","hostname":"DESKTOP-4U28GDB","pid":16544,"level":20,"msg":"Processed: \u001b[35mlayout/_scripts/baidu-push.swig\u001b[39m","time":"2016-07-04T15:13:24.317Z","v":0}
{"name":"hexo","hostname":"DESKTOP-4U28GDB","pid":16544,"level":20,"msg":"Processed: \u001b[35mlayout/_scripts/boostrap.swig\u001b[39m","time":"2016-07-04T15:13:24.329Z","v":0}
{"name":"hexo","hostname":"DESKTOP-4U28GDB","pid":16544,"level":20,"msg":"Processed: \u001b[35mlayout/_scripts/commons.swig\u001b[39m","time":"2016-07-04T15:13:24.331Z","v":0}
{"name":"hexo","hostname":"DESKTOP-4U28GDB","pid":16544,"level":20,"msg":"Processed: \u001b[35msource/vendors/jquery/index.js\u001b[39m","time":"2016-07-04T15:13:24.338Z","v":0}
{"name":"hexo","hostname":"DESKTOP-4U28GDB","pid":16544,"level":20,"msg":"Processed: \u001b[35mlayout/_scripts/vendors.swig\u001b[39m","time":"2016-07-04T15:13:24.348Z","v":0}
{"name":"hexo","hostname":"DESKTOP-4U28GDB","pid":16544,"level":20,"msg":"Processed: \u001b[35mlayout/_scripts/schemes/muse.swig\u001b[39m","time":"2016-07-04T15:13:24.350Z","v":0}
{"name":"hexo","hostname":"DESKTOP-4U28GDB","pid":16544,"level":20,"msg":"Processed: \u001b[35mlayout/_scripts/schemes/mist.swig\u001b[39m","time":"2016-07-04T15:13:24.352Z","v":0}
{"name":"hexo","hostname":"DESKTOP-4U28GDB","pid":16544,"level":20,"msg":"Processed: \u001b[35msource/js/src/schemes/pisces.js\u001b[39m","time":"2016-07-04T15:13:24.361Z","v":0}
{"name":"hexo","hostname":"DESKTOP-4U28GDB","pid":16544,"level":20,"msg":"Processed: \u001b[35msource/vendors/fancybox/source/blank.gif\u001b[39m","time":"2016-07-04T15:13:24.365Z","v":0}
{"name":"hexo","hostname":"DESKTOP-4U28GDB","pid":16544,"level":20,"msg":"Processed: \u001b[35msource/vendors/fancybox/source/fancybox_loading.gif\u001b[39m","time":"2016-07-04T15:13:24.367Z","v":0}
{"name":"hexo","hostname":"DESKTOP-4U28GDB","pid":16544,"level":20,"msg":"Processed: \u001b[35msource/vendors/fancybox/source/fancybox_loading@2x.gif\u001b[39m","time":"2016-07-04T15:13:24.369Z","v":0}
{"name":"hexo","hostname":"DESKTOP-4U28GDB","pid":16544,"level":20,"msg":"Processed: \u001b[35msource/vendors/fancybox/source/fancybox_overlay.png\u001b[39m","time":"2016-07-04T15:13:24.372Z","v":0}
{"name":"hexo","hostname":"DESKTOP-4U28GDB","pid":16544,"level":20,"msg":"Processed: \u001b[35msource/vendors/fancybox/source/fancybox_sprite.png\u001b[39m","time":"2016-07-04T15:13:24.374Z","v":0}
{"name":"hexo","hostname":"DESKTOP-4U28GDB","pid":16544,"level":20,"msg":"Processed: \u001b[35msource/vendors/fancybox/source/fancybox_sprite@2x.png\u001b[39m","time":"2016-07-04T15:13:24.377Z","v":0}
{"name":"hexo","hostname":"DESKTOP-4U28GDB","pid":16544,"level":20,"msg":"Processed: \u001b[35msource/vendors/fancybox/source/jquery.fancybox.css\u001b[39m","time":"2016-07-04T15:13:24.378Z","v":0}
{"name":"hexo","hostname":"DESKTOP-4U28GDB","pid":16544,"level":20,"msg":"Processed: \u001b[35msource/vendors/fancybox/source/jquery.fancybox.js\u001b[39m","time":"2016-07-04T15:13:24.384Z","v":0}
{"name":"hexo","hostname":"DESKTOP-4U28GDB","pid":16544,"level":20,"msg":"Processed: \u001b[35msource/vendors/fancybox/source/jquery.fancybox.pack.js\u001b[39m","time":"2016-07-04T15:13:24.386Z","v":0}
{"name":"hexo","hostname":"DESKTOP-4U28GDB","pid":16544,"level":20,"msg":"Processed: \u001b[35msource/vendors/fastclick/lib/fastclick.js\u001b[39m","time":"2016-07-04T15:13:24.389Z","v":0}
{"name":"hexo","hostname":"DESKTOP-4U28GDB","pid":16544,"level":20,"msg":"Processed: \u001b[35msource/vendors/fastclick/lib/fastclick.min.js\u001b[39m","time":"2016-07-04T15:13:24.390Z","v":0}
{"name":"hexo","hostname":"DESKTOP-4U28GDB","pid":16544,"level":20,"msg":"Processed: \u001b[35msource/vendors/font-awesome/css/font-awesome.css\u001b[39m","time":"2016-07-04T15:13:24.394Z","v":0}
{"name":"hexo","hostname":"DESKTOP-4U28GDB","pid":16544,"level":20,"msg":"Processed: \u001b[35msource/vendors/font-awesome/css/font-awesome.css.map\u001b[39m","time":"2016-07-04T15:13:24.395Z","v":0}
{"name":"hexo","hostname":"DESKTOP-4U28GDB","pid":16544,"level":20,"msg":"Processed: \u001b[35msource/vendors/font-awesome/css/font-awesome.min.css\u001b[39m","time":"2016-07-04T15:13:24.399Z","v":0}
{"name":"hexo","hostname":"DESKTOP-4U28GDB","pid":16544,"level":20,"msg":"Processed: \u001b[35msource/vendors/font-awesome/fonts/fontawesome-webfont.woff2\u001b[39m","time":"2016-07-04T15:13:24.401Z","v":0}
{"name":"hexo","hostname":"DESKTOP-4U28GDB","pid":16544,"level":20,"msg":"Processed: \u001b[35msource/vendors/ua-parser-js/dist/ua-parser.min.js\u001b[39m","time":"2016-07-04T15:13:24.403Z","v":0}
{"name":"hexo","hostname":"DESKTOP-4U28GDB","pid":16544,"level":20,"msg":"Processed: \u001b[35msource/vendors/ua-parser-js/dist/ua-parser.pack.js\u001b[39m","time":"2016-07-04T15:13:24.404Z","v":0}
{"name":"hexo","hostname":"DESKTOP-4U28GDB","pid":16544,"level":20,"msg":"Processed: \u001b[35mlayout/_partials/head/external-fonts.swig\u001b[39m","time":"2016-07-04T15:13:24.421Z","v":0}
{"name":"hexo","hostname":"DESKTOP-4U28GDB","pid":16544,"level":20,"msg":"Processed: \u001b[35mlayout/_partials/search/swiftype.swig\u001b[39m","time":"2016-07-04T15:13:24.423Z","v":0}
{"name":"hexo","hostname":"DESKTOP-4U28GDB","pid":16544,"level":20,"msg":"Processed: \u001b[35mlayout/_partials/search/localsearch.swig\u001b[39m","time":"2016-07-04T15:13:24.436Z","v":0}
{"name":"hexo","hostname":"DESKTOP-4U28GDB","pid":16544,"level":20,"msg":"Processed: \u001b[35mlayout/_partials/search/tinysou.swig\u001b[39m","time":"2016-07-04T15:13:24.438Z","v":0}
{"name":"hexo","hostname":"DESKTOP-4U28GDB","pid":16544,"level":20,"msg":"Processed: \u001b[35mlayout/_partials/share/add-this.swig\u001b[39m","time":"2016-07-04T15:13:24.440Z","v":0}
{"name":"hexo","hostname":"DESKTOP-4U28GDB","pid":16544,"level":20,"msg":"Processed: \u001b[35mlayout/_partials/share/baidushare.swig\u001b[39m","time":"2016-07-04T15:13:24.442Z","v":0}
{"name":"hexo","hostname":"DESKTOP-4U28GDB","pid":16544,"level":20,"msg":"Processed: \u001b[35mlayout/_partials/share/duoshuo_share.swig\u001b[39m","time":"2016-07-04T15:13:24.444Z","v":0}
{"name":"hexo","hostname":"DESKTOP-4U28GDB","pid":16544,"level":20,"msg":"Processed: \u001b[35mlayout/_partials/share/jiathis.swig\u001b[39m","time":"2016-07-04T15:13:24.446Z","v":0}
{"name":"hexo","hostname":"DESKTOP-4U28GDB","pid":16544,"level":20,"msg":"Processed: \u001b[35mlayout/_scripts/pages/post-details.swig\u001b[39m","time":"2016-07-04T15:13:24.450Z","v":0}
{"name":"hexo","hostname":"DESKTOP-4U28GDB","pid":16544,"level":20,"msg":"Processed: \u001b[35mlayout/_scripts/schemes/pisces.swig\u001b[39m","time":"2016-07-04T15:13:24.455Z","v":0}
{"name":"hexo","hostname":"DESKTOP-4U28GDB","pid":16544,"level":20,"msg":"Processed: \u001b[35mlayout/_scripts/third-party/analytics.swig\u001b[39m","time":"2016-07-04T15:13:24.457Z","v":0}
{"name":"hexo","hostname":"DESKTOP-4U28GDB","pid":16544,"level":20,"msg":"Processed: \u001b[35mlayout/_scripts/third-party/comments.swig\u001b[39m","time":"2016-07-04T15:13:24.460Z","v":0}
{"name":"hexo","hostname":"DESKTOP-4U28GDB","pid":16544,"level":20,"msg":"Processed: \u001b[35mlayout/_scripts/third-party/lean-analytics.swig\u001b[39m","time":"2016-07-04T15:13:24.463Z","v":0}
{"name":"hexo","hostname":"DESKTOP-4U28GDB","pid":16544,"level":20,"msg":"Processed: \u001b[35mlayout/_scripts/third-party/localsearch.swig\u001b[39m","time":"2016-07-04T15:13:24.466Z","v":0}
{"name":"hexo","hostname":"DESKTOP-4U28GDB","pid":16544,"level":20,"msg":"Processed: \u001b[35mlayout/_scripts/third-party/mathjax.swig\u001b[39m","time":"2016-07-04T15:13:24.467Z","v":0}
{"name":"hexo","hostname":"DESKTOP-4U28GDB","pid":16544,"level":20,"msg":"Processed: \u001b[35mlayout/_scripts/third-party/tinysou.swig\u001b[39m","time":"2016-07-04T15:13:24.470Z","v":0}
{"name":"hexo","hostname":"DESKTOP-4U28GDB","pid":16544,"level":20,"msg":"Processed: \u001b[35msource/vendors/font-awesome/fonts/FontAwesome.otf\u001b[39m","time":"2016-07-04T15:13:24.473Z","v":0}
{"name":"hexo","hostname":"DESKTOP-4U28GDB","pid":16544,"level":20,"msg":"Processed: \u001b[35msource/vendors/font-awesome/fonts/fontawesome-webfont.eot\u001b[39m","time":"2016-07-04T15:13:24.475Z","v":0}
{"name":"hexo","hostname":"DESKTOP-4U28GDB","pid":16544,"level":20,"msg":"Processed: \u001b[35msource/vendors/font-awesome/fonts/fontawesome-webfont.woff\u001b[39m","time":"2016-07-04T15:13:24.478Z","v":0}
{"name":"hexo","hostname":"DESKTOP-4U28GDB","pid":16544,"level":20,"msg":"Processed: \u001b[35msource/vendors/velocity/velocity.js\u001b[39m","time":"2016-07-04T15:13:24.480Z","v":0}
{"name":"hexo","hostname":"DESKTOP-4U28GDB","pid":16544,"level":20,"msg":"Processed: \u001b[35msource/vendors/fancybox/source/helpers/fancybox_buttons.png\u001b[39m","time":"2016-07-04T15:13:24.490Z","v":0}
{"name":"hexo","hostname":"DESKTOP-4U28GDB","pid":16544,"level":20,"msg":"Processed: \u001b[35msource/vendors/fancybox/source/helpers/jquery.fancybox-buttons.css\u001b[39m","time":"2016-07-04T15:13:24.494Z","v":0}
{"name":"hexo","hostname":"DESKTOP-4U28GDB","pid":16544,"level":20,"msg":"Processed: \u001b[35msource/vendors/fancybox/source/helpers/jquery.fancybox-buttons.js\u001b[39m","time":"2016-07-04T15:13:24.496Z","v":0}
{"name":"hexo","hostname":"DESKTOP-4U28GDB","pid":16544,"level":20,"msg":"Processed: \u001b[35msource/vendors/fancybox/source/helpers/jquery.fancybox-media.js\u001b[39m","time":"2016-07-04T15:13:24.498Z","v":0}
{"name":"hexo","hostname":"DESKTOP-4U28GDB","pid":16544,"level":20,"msg":"Processed: \u001b[35msource/vendors/fancybox/source/helpers/jquery.fancybox-thumbs.css\u001b[39m","time":"2016-07-04T15:13:24.500Z","v":0}
{"name":"hexo","hostname":"DESKTOP-4U28GDB","pid":16544,"level":20,"msg":"Processed: \u001b[35msource/vendors/fancybox/source/helpers/jquery.fancybox-thumbs.js\u001b[39m","time":"2016-07-04T15:13:24.503Z","v":0}
{"name":"hexo","hostname":"DESKTOP-4U28GDB","pid":16544,"level":20,"msg":"Processed: \u001b[35msource/vendors/font-awesome/fonts/fontawesome-webfont.ttf\u001b[39m","time":"2016-07-04T15:13:24.505Z","v":0}
{"name":"hexo","hostname":"DESKTOP-4U28GDB","pid":16544,"level":20,"msg":"Processed: \u001b[35mlayout/_scripts/third-party/analytics/baidu-analytics.swig\u001b[39m","time":"2016-07-04T15:13:24.518Z","v":0}
{"name":"hexo","hostname":"DESKTOP-4U28GDB","pid":16544,"level":20,"msg":"Processed: \u001b[35mlayout/_scripts/third-party/analytics/cnzz-analytics.swig\u001b[39m","time":"2016-07-04T15:13:24.519Z","v":0}
{"name":"hexo","hostname":"DESKTOP-4U28GDB","pid":16544,"level":20,"msg":"Processed: \u001b[35mlayout/_scripts/third-party/analytics/busuanzi-counter.swig\u001b[39m","time":"2016-07-04T15:13:24.522Z","v":0}
{"name":"hexo","hostname":"DESKTOP-4U28GDB","pid":16544,"level":20,"msg":"Processed: \u001b[35mlayout/_scripts/third-party/analytics/facebook-sdk.swig\u001b[39m","time":"2016-07-04T15:13:24.524Z","v":0}
{"name":"hexo","hostname":"DESKTOP-4U28GDB","pid":16544,"level":20,"msg":"Processed: \u001b[35mlayout/_scripts/third-party/analytics/google-analytics.swig\u001b[39m","time":"2016-07-04T15:13:24.527Z","v":0}
{"name":"hexo","hostname":"DESKTOP-4U28GDB","pid":16544,"level":20,"msg":"Processed: \u001b[35mlayout/_scripts/third-party/analytics/tencent-analytics.swig\u001b[39m","time":"2016-07-04T15:13:24.530Z","v":0}
{"name":"hexo","hostname":"DESKTOP-4U28GDB","pid":16544,"level":20,"msg":"Processed: \u001b[35mlayout/_scripts/third-party/comments/disqus.swig\u001b[39m","time":"2016-07-04T15:13:24.532Z","v":0}
{"name":"hexo","hostname":"DESKTOP-4U28GDB","pid":16544,"level":20,"msg":"Processed: \u001b[35mlayout/_scripts/third-party/comments/duoshuo.swig\u001b[39m","time":"2016-07-04T15:13:24.537Z","v":0}
{"name":"hexo","hostname":"DESKTOP-4U28GDB","pid":16544,"level":20,"msg":"Processed: \u001b[35msource/vendors/font-awesome/fonts/fontawesome-webfont.svg\u001b[39m","time":"2016-07-04T15:13:24.540Z","v":0}
{"name":"hexo","hostname":"DESKTOP-4U28GDB","pid":16544,"level":20,"msg":"Generator: \u001b[35mpage\u001b[39m","time":"2016-07-04T15:13:25.151Z","v":0}
{"name":"hexo","hostname":"DESKTOP-4U28GDB","pid":16544,"level":20,"msg":"Generator: \u001b[35mpost\u001b[39m","time":"2016-07-04T15:13:25.157Z","v":0}
{"name":"hexo","hostname":"DESKTOP-4U28GDB","pid":16544,"level":20,"msg":"Generator: \u001b[35mcategory\u001b[39m","time":"2016-07-04T15:13:25.158Z","v":0}
{"name":"hexo","hostname":"DESKTOP-4U28GDB","pid":16544,"level":20,"msg":"Generator: \u001b[35marchive\u001b[39m","time":"2016-07-04T15:13:25.160Z","v":0}
{"name":"hexo","hostname":"DESKTOP-4U28GDB","pid":16544,"level":20,"msg":"Generator: \u001b[35mfeed\u001b[39m","time":"2016-07-04T15:13:25.165Z","v":0}
{"name":"hexo","hostname":"DESKTOP-4U28GDB","pid":16544,"level":20,"msg":"Generator: \u001b[35mindex\u001b[39m","time":"2016-07-04T15:13:25.166Z","v":0}
{"name":"hexo","hostname":"DESKTOP-4U28GDB","pid":16544,"level":20,"msg":"Generator: \u001b[35msitemap\u001b[39m","time":"2016-07-04T15:13:25.169Z","v":0}
{"name":"hexo","hostname":"DESKTOP-4U28GDB","pid":16544,"level":20,"msg":"Generator: \u001b[35mtag\u001b[39m","time":"2016-07-04T15:13:25.170Z","v":0}
{"name":"hexo","hostname":"DESKTOP-4U28GDB","pid":16544,"level":20,"msg":"Generator: \u001b[35masset\u001b[39m","time":"2016-07-04T15:13:25.173Z","v":0}
{"name":"hexo","hostname":"DESKTOP-4U28GDB","pid":16544,"level":30,"msg":"Hexo is running at \u001b[4mhttp://localhost:4000/\u001b[24m. Press Ctrl+C to stop.","time":"2016-07-04T15:13:25.182Z","v":0}
{"name":"hexo","hostname":"DESKTOP-4U28GDB","pid":16544,"level":20,"msg":"Database saved","time":"2016-07-04T15:13:25.216Z","v":0}
{"name":"hexo","hostname":"DESKTOP-4U28GDB","pid":6488,"level":20,"msg":"Hexo version: \u001b[35m3.2.2\u001b[39m","time":"2016-07-04T15:22:18.349Z","v":0}
{"name":"hexo","hostname":"DESKTOP-4U28GDB","pid":6488,"level":20,"msg":"Working directory: \u001b[35mE:\\visual\\hexo\\\u001b[39m","time":"2016-07-04T15:22:18.357Z","v":0}
{"name":"hexo","hostname":"DESKTOP-4U28GDB","pid":6488,"level":20,"msg":"Config loaded: \u001b[35mE:\\visual\\hexo\\_config.yml\u001b[39m","time":"2016-07-04T15:22:19.369Z","v":0}
{"name":"hexo","hostname":"DESKTOP-4U28GDB","pid":6488,"level":20,"msg":"Plugin loaded: \u001b[35mhexo-deployer-git\u001b[39m","time":"2016-07-04T15:22:21.798Z","v":0}
{"name":"hexo","hostname":"DESKTOP-4U28GDB","pid":6488,"level":20,"msg":"Plugin loaded: \u001b[35mhexo-deployer-openshift\u001b[39m","time":"2016-07-04T15:22:23.408Z","v":0}
{"name":"hexo","hostname":"DESKTOP-4U28GDB","pid":6488,"level":20,"msg":"Plugin loaded: \u001b[35mhexo-deployer-heroku\u001b[39m","time":"2016-07-04T15:22:25.431Z","v":0}
{"name":"hexo","hostname":"DESKTOP-4U28GDB","pid":6488,"level":20,"msg":"Plugin loaded: \u001b[35mhexo-deployer-rsync\u001b[39m","time":"2016-07-04T15:22:25.950Z","v":0}
{"name":"hexo","hostname":"DESKTOP-4U28GDB","pid":6488,"level":20,"msg":"Plugin loaded: \u001b[35mhexo-generator-archive\u001b[39m","time":"2016-07-04T15:22:26.036Z","v":0}
{"name":"hexo","hostname":"DESKTOP-4U28GDB","pid":6488,"level":20,"msg":"Plugin loaded: \u001b[35mhexo-generator-category\u001b[39m","time":"2016-07-04T15:22:26.106Z","v":0}
{"name":"hexo","hostname":"DESKTOP-4U28GDB","pid":6488,"level":20,"msg":"Plugin loaded: \u001b[35mhexo-generator-index\u001b[39m","time":"2016-07-04T15:22:26.184Z","v":0}
{"name":"hexo","hostname":"DESKTOP-4U28GDB","pid":6488,"level":20,"msg":"Plugin loaded: \u001b[35mhexo-generator-feed\u001b[39m","time":"2016-07-04T15:22:26.556Z","v":0}
{"name":"hexo","hostname":"DESKTOP-4U28GDB","pid":6488,"level":20,"msg":"Plugin loaded: \u001b[35mhexo-generator-sitemap\u001b[39m","time":"2016-07-04T15:22:26.695Z","v":0}
{"name":"hexo","hostname":"DESKTOP-4U28GDB","pid":6488,"level":20,"msg":"Plugin loaded: \u001b[35mhexo-generator-tag\u001b[39m","time":"2016-07-04T15:22:26.820Z","v":0}
{"name":"hexo","hostname":"DESKTOP-4U28GDB","pid":6488,"level":20,"msg":"Plugin loaded: \u001b[35mhexo-renderer-ejs\u001b[39m","time":"2016-07-04T15:22:26.924Z","v":0}
{"name":"hexo","hostname":"DESKTOP-4U28GDB","pid":6488,"level":20,"msg":"Plugin loaded: \u001b[35mhexo-renderer-stylus\u001b[39m","time":"2016-07-04T15:22:28.958Z","v":0}
{"name":"hexo","hostname":"DESKTOP-4U28GDB","pid":6488,"level":20,"msg":"Plugin loaded: \u001b[35mhexo-server\u001b[39m","time":"2016-07-04T15:22:30.794Z","v":0}
{"name":"hexo","hostname":"DESKTOP-4U28GDB","pid":6488,"level":20,"msg":"Script loaded: \u001b[35mthemes\\next\\scripts\\tags\\center-quote.js\u001b[39m","time":"2016-07-04T15:22:30.796Z","v":0}
{"name":"hexo","hostname":"DESKTOP-4U28GDB","pid":6488,"level":20,"msg":"Script loaded: \u001b[35mthemes\\next\\scripts\\merge-configs.js\u001b[39m","time":"2016-07-04T15:22:30.797Z","v":0}
{"name":"hexo","hostname":"DESKTOP-4U28GDB","pid":6488,"level":20,"msg":"Script loaded: \u001b[35mthemes\\next\\scripts\\tags\\group-pictures.js\u001b[39m","time":"2016-07-04T15:22:30.800Z","v":0}
{"name":"hexo","hostname":"DESKTOP-4U28GDB","pid":6488,"level":20,"msg":"Script loaded: \u001b[35mthemes\\next\\scripts\\tags\\full-image.js\u001b[39m","time":"2016-07-04T15:22:30.801Z","v":0}
{"name":"hexo","hostname":"DESKTOP-4U28GDB","pid":6488,"level":20,"msg":"Plugin loaded: \u001b[35mhexo-renderer-marked\u001b[39m","time":"2016-07-04T15:22:31.687Z","v":0}
{"name":"hexo","hostname":"DESKTOP-4U28GDB","pid":6488,"level":20,"msg":"Loading database.","time":"2016-07-04T15:22:31.702Z","v":0}
{"name":"hexo","hostname":"DESKTOP-4U28GDB","pid":6488,"level":30,"msg":"Start processing","time":"2016-07-04T15:22:31.780Z","v":0}
{"name":"hexo","hostname":"DESKTOP-4U28GDB","pid":6488,"level":20,"msg":"Processed: \u001b[35m_posts/hello-world.md\u001b[39m","time":"2016-07-04T15:22:32.089Z","v":0}
{"name":"hexo","hostname":"DESKTOP-4U28GDB","pid":6488,"level":20,"msg":"Theme config loaded.","time":"2016-07-04T15:22:32.482Z","v":0}
{"name":"hexo","hostname":"DESKTOP-4U28GDB","pid":6488,"level":20,"msg":"Processed: \u001b[35m_config.yml\u001b[39m","time":"2016-07-04T15:22:32.485Z","v":0}
{"name":"hexo","hostname":"DESKTOP-4U28GDB","pid":6488,"level":20,"msg":"Processed: \u001b[35msource/images/avatar.gif\u001b[39m","time":"2016-07-04T15:22:32.544Z","v":0}
{"name":"hexo","hostname":"DESKTOP-4U28GDB","pid":6488,"level":20,"msg":"Processed: \u001b[35msource/images/cc-by-nc.svg\u001b[39m","time":"2016-07-04T15:22:32.545Z","v":0}
{"name":"hexo","hostname":"DESKTOP-4U28GDB","pid":6488,"level":20,"msg":"Processed: \u001b[35msource/images/cc-by-nc-nd.svg\u001b[39m","time":"2016-07-04T15:22:32.547Z","v":0}
{"name":"hexo","hostname":"DESKTOP-4U28GDB","pid":6488,"level":20,"msg":"Processed: \u001b[35msource/images/cc-by-nd.svg\u001b[39m","time":"2016-07-04T15:22:32.548Z","v":0}
{"name":"hexo","hostname":"DESKTOP-4U28GDB","pid":6488,"level":20,"msg":"Processed: \u001b[35msource/images/loading.gif\u001b[39m","time":"2016-07-04T15:22:32.550Z","v":0}
{"name":"hexo","hostname":"DESKTOP-4U28GDB","pid":6488,"level":20,"msg":"Processed: \u001b[35msource/images/placeholder.gif\u001b[39m","time":"2016-07-04T15:22:32.552Z","v":0}
{"name":"hexo","hostname":"DESKTOP-4U28GDB","pid":6488,"level":20,"msg":"Processed: \u001b[35msource/images/cc-by-nc-sa.svg\u001b[39m","time":"2016-07-04T15:22:32.554Z","v":0}
{"name":"hexo","hostname":"DESKTOP-4U28GDB","pid":6488,"level":20,"msg":"Processed: \u001b[35msource/images/cc-by-sa.svg\u001b[39m","time":"2016-07-04T15:22:32.559Z","v":0}
{"name":"hexo","hostname":"DESKTOP-4U28GDB","pid":6488,"level":20,"msg":"Processed: \u001b[35msource/images/cc-by.svg\u001b[39m","time":"2016-07-04T15:22:32.562Z","v":0}
{"name":"hexo","hostname":"DESKTOP-4U28GDB","pid":6488,"level":20,"msg":"Processed: \u001b[35msource/images/searchicon.png\u001b[39m","time":"2016-07-04T15:22:32.564Z","v":0}
{"name":"hexo","hostname":"DESKTOP-4U28GDB","pid":6488,"level":20,"msg":"Processed: \u001b[35msource/images/quote-r.svg\u001b[39m","time":"2016-07-04T15:22:32.565Z","v":0}
{"name":"hexo","hostname":"DESKTOP-4U28GDB","pid":6488,"level":20,"msg":"Processed: \u001b[35msource/images/quote-l.svg\u001b[39m","time":"2016-07-04T15:22:32.570Z","v":0}
{"name":"hexo","hostname":"DESKTOP-4U28GDB","pid":6488,"level":20,"msg":"Processed: \u001b[35msource/images/cc-zero.svg\u001b[39m","time":"2016-07-04T15:22:32.731Z","v":0}
{"name":"hexo","hostname":"DESKTOP-4U28GDB","pid":6488,"level":20,"msg":"Processed: \u001b[35msource/css/main.styl\u001b[39m","time":"2016-07-04T15:22:32.733Z","v":0}
{"name":"hexo","hostname":"DESKTOP-4U28GDB","pid":6488,"level":20,"msg":"Processed: \u001b[35mlanguages/en.yml\u001b[39m","time":"2016-07-04T15:22:32.825Z","v":0}
{"name":"hexo","hostname":"DESKTOP-4U28GDB","pid":6488,"level":20,"msg":"Processed: \u001b[35mlanguages/fr-FR.yml\u001b[39m","time":"2016-07-04T15:22:32.827Z","v":0}
{"name":"hexo","hostname":"DESKTOP-4U28GDB","pid":6488,"level":20,"msg":"Processed: \u001b[35mlanguages/default.yml\u001b[39m","time":"2016-07-04T15:22:32.828Z","v":0}
{"name":"hexo","hostname":"DESKTOP-4U28GDB","pid":6488,"level":20,"msg":"Processed: \u001b[35mlanguages/de.yml\u001b[39m","time":"2016-07-04T15:22:32.829Z","v":0}
{"name":"hexo","hostname":"DESKTOP-4U28GDB","pid":6488,"level":20,"msg":"Processed: \u001b[35mlanguages/id.yml\u001b[39m","time":"2016-07-04T15:22:32.834Z","v":0}
{"name":"hexo","hostname":"DESKTOP-4U28GDB","pid":6488,"level":20,"msg":"Processed: \u001b[35mlanguages/ja.yml\u001b[39m","time":"2016-07-04T15:22:32.835Z","v":0}
{"name":"hexo","hostname":"DESKTOP-4U28GDB","pid":6488,"level":20,"msg":"Processed: \u001b[35mlanguages/pt-BR.yml\u001b[39m","time":"2016-07-04T15:22:32.840Z","v":0}
{"name":"hexo","hostname":"DESKTOP-4U28GDB","pid":6488,"level":20,"msg":"Processed: \u001b[35mlanguages/ru.yml\u001b[39m","time":"2016-07-04T15:22:32.842Z","v":0}
{"name":"hexo","hostname":"DESKTOP-4U28GDB","pid":6488,"level":20,"msg":"Processed: \u001b[35mlanguages/zh-tw.yml\u001b[39m","time":"2016-07-04T15:22:32.843Z","v":0}
{"name":"hexo","hostname":"DESKTOP-4U28GDB","pid":6488,"level":20,"msg":"Processed: \u001b[35mlanguages/zh-hk.yml\u001b[39m","time":"2016-07-04T15:22:32.845Z","v":0}
{"name":"hexo","hostname":"DESKTOP-4U28GDB","pid":6488,"level":20,"msg":"Processed: \u001b[35mlanguages/zh-Hans.yml\u001b[39m","time":"2016-07-04T15:22:32.847Z","v":0}
{"name":"hexo","hostname":"DESKTOP-4U28GDB","pid":6488,"level":20,"msg":"Processed: \u001b[35mlanguages/pt.yml\u001b[39m","time":"2016-07-04T15:22:32.858Z","v":0}
{"name":"hexo","hostname":"DESKTOP-4U28GDB","pid":6488,"level":20,"msg":"Processed: \u001b[35msource/js/src/bootstrap.js\u001b[39m","time":"2016-07-04T15:22:32.860Z","v":0}
{"name":"hexo","hostname":"DESKTOP-4U28GDB","pid":6488,"level":20,"msg":"Processed: \u001b[35msource/js/src/affix.js\u001b[39m","time":"2016-07-04T15:22:32.862Z","v":0}
{"name":"hexo","hostname":"DESKTOP-4U28GDB","pid":6488,"level":20,"msg":"Processed: \u001b[35msource/js/src/motion.js\u001b[39m","time":"2016-07-04T15:22:32.864Z","v":0}
{"name":"hexo","hostname":"DESKTOP-4U28GDB","pid":6488,"level":20,"msg":"Processed: \u001b[35msource/js/src/utils.js\u001b[39m","time":"2016-07-04T15:22:32.866Z","v":0}
{"name":"hexo","hostname":"DESKTOP-4U28GDB","pid":6488,"level":20,"msg":"Processed: \u001b[35msource/js/src/hook-duoshuo.js\u001b[39m","time":"2016-07-04T15:22:32.871Z","v":0}
{"name":"hexo","hostname":"DESKTOP-4U28GDB","pid":6488,"level":20,"msg":"Processed: \u001b[35msource/js/src/post-details.js\u001b[39m","time":"2016-07-04T15:22:32.873Z","v":0}
{"name":"hexo","hostname":"DESKTOP-4U28GDB","pid":6488,"level":20,"msg":"Processed: \u001b[35msource/js/src/scrollspy.js\u001b[39m","time":"2016-07-04T15:22:32.874Z","v":0}
{"name":"hexo","hostname":"DESKTOP-4U28GDB","pid":6488,"level":20,"msg":"Processed: \u001b[35mlayout/index.swig\u001b[39m","time":"2016-07-04T15:22:33.016Z","v":0}
{"name":"hexo","hostname":"DESKTOP-4U28GDB","pid":6488,"level":20,"msg":"Processed: \u001b[35mlayout/_layout.swig\u001b[39m","time":"2016-07-04T15:22:33.017Z","v":0}
{"name":"hexo","hostname":"DESKTOP-4U28GDB","pid":6488,"level":20,"msg":"Processed: \u001b[35mlayout/category.swig\u001b[39m","time":"2016-07-04T15:22:33.018Z","v":0}
{"name":"hexo","hostname":"DESKTOP-4U28GDB","pid":6488,"level":20,"msg":"Processed: \u001b[35mlayout/page.swig\u001b[39m","time":"2016-07-04T15:22:33.166Z","v":0}
{"name":"hexo","hostname":"DESKTOP-4U28GDB","pid":6488,"level":20,"msg":"Processed: \u001b[35mlayout/tag.swig\u001b[39m","time":"2016-07-04T15:22:33.172Z","v":0}
{"name":"hexo","hostname":"DESKTOP-4U28GDB","pid":6488,"level":20,"msg":"Processed: \u001b[35mlayout/post.swig\u001b[39m","time":"2016-07-04T15:22:33.176Z","v":0}
{"name":"hexo","hostname":"DESKTOP-4U28GDB","pid":6488,"level":20,"msg":"Processed: \u001b[35mlayout/archive.swig\u001b[39m","time":"2016-07-04T15:22:33.178Z","v":0}
{"name":"hexo","hostname":"DESKTOP-4U28GDB","pid":6488,"level":20,"msg":"Processed: \u001b[35msource/vendors/fastclick/bower.json\u001b[39m","time":"2016-07-04T15:22:33.207Z","v":0}
{"name":"hexo","hostname":"DESKTOP-4U28GDB","pid":6488,"level":20,"msg":"Processed: \u001b[35msource/vendors/fastclick/README.md\u001b[39m","time":"2016-07-04T15:22:33.210Z","v":0}
{"name":"hexo","hostname":"DESKTOP-4U28GDB","pid":6488,"level":20,"msg":"Processed: \u001b[35msource/vendors/fastclick/LICENSE\u001b[39m","time":"2016-07-04T15:22:33.213Z","v":0}
{"name":"hexo","hostname":"DESKTOP-4U28GDB","pid":6488,"level":20,"msg":"Processed: \u001b[35msource/vendors/font-awesome/HELP-US-OUT.txt\u001b[39m","time":"2016-07-04T15:22:33.216Z","v":0}
{"name":"hexo","hostname":"DESKTOP-4U28GDB","pid":6488,"level":20,"msg":"Processed: \u001b[35msource/vendors/font-awesome/bower.json\u001b[39m","time":"2016-07-04T15:22:33.220Z","v":0}
{"name":"hexo","hostname":"DESKTOP-4U28GDB","pid":6488,"level":20,"msg":"Processed: \u001b[35msource/vendors/jquery_lazyload/bower.json\u001b[39m","time":"2016-07-04T15:22:33.226Z","v":0}
{"name":"hexo","hostname":"DESKTOP-4U28GDB","pid":6488,"level":20,"msg":"Processed: \u001b[35msource/vendors/jquery_lazyload/CONTRIBUTING.md\u001b[39m","time":"2016-07-04T15:22:33.230Z","v":0}
{"name":"hexo","hostname":"DESKTOP-4U28GDB","pid":6488,"level":20,"msg":"Processed: \u001b[35msource/vendors/jquery_lazyload/jquery.lazyload.js\u001b[39m","time":"2016-07-04T15:22:33.232Z","v":0}
{"name":"hexo","hostname":"DESKTOP-4U28GDB","pid":6488,"level":20,"msg":"Processed: \u001b[35msource/vendors/jquery_lazyload/jquery.scrollstop.js\u001b[39m","time":"2016-07-04T15:22:33.234Z","v":0}
{"name":"hexo","hostname":"DESKTOP-4U28GDB","pid":6488,"level":20,"msg":"Processed: \u001b[35msource/vendors/velocity/velocity.min.js\u001b[39m","time":"2016-07-04T15:22:33.237Z","v":0}
{"name":"hexo","hostname":"DESKTOP-4U28GDB","pid":6488,"level":20,"msg":"Processed: \u001b[35msource/vendors/velocity/velocity.ui.min.js\u001b[39m","time":"2016-07-04T15:22:33.247Z","v":0}
{"name":"hexo","hostname":"DESKTOP-4U28GDB","pid":6488,"level":20,"msg":"Processed: \u001b[35msource/vendors/velocity/bower.json\u001b[39m","time":"2016-07-04T15:22:33.250Z","v":0}
{"name":"hexo","hostname":"DESKTOP-4U28GDB","pid":6488,"level":20,"msg":"Processed: \u001b[35msource/vendors/velocity/velocity.ui.js\u001b[39m","time":"2016-07-04T15:22:33.254Z","v":0}
{"name":"hexo","hostname":"DESKTOP-4U28GDB","pid":6488,"level":20,"msg":"Processed: \u001b[35msource/vendors/jquery_lazyload/README.md\u001b[39m","time":"2016-07-04T15:22:33.258Z","v":0}
{"name":"hexo","hostname":"DESKTOP-4U28GDB","pid":6488,"level":20,"msg":"Processed: \u001b[35msource/js/src/schemes/pisces.js\u001b[39m","time":"2016-07-04T15:22:33.287Z","v":0}
{"name":"hexo","hostname":"DESKTOP-4U28GDB","pid":6488,"level":20,"msg":"Processed: \u001b[35msource/vendors/jquery/index.js\u001b[39m","time":"2016-07-04T15:22:33.290Z","v":0}
{"name":"hexo","hostname":"DESKTOP-4U28GDB","pid":6488,"level":20,"msg":"Processed: \u001b[35mlayout/_macro/post-collapse.swig\u001b[39m","time":"2016-07-04T15:22:33.348Z","v":0}
{"name":"hexo","hostname":"DESKTOP-4U28GDB","pid":6488,"level":20,"msg":"Processed: \u001b[35mlayout/_macro/post.swig\u001b[39m","time":"2016-07-04T15:22:33.349Z","v":0}
{"name":"hexo","hostname":"DESKTOP-4U28GDB","pid":6488,"level":20,"msg":"Processed: \u001b[35mlayout/_macro/reward.swig\u001b[39m","time":"2016-07-04T15:22:33.351Z","v":0}
{"name":"hexo","hostname":"DESKTOP-4U28GDB","pid":6488,"level":20,"msg":"Processed: \u001b[35mlayout/_macro/wechat-subscriber.swig\u001b[39m","time":"2016-07-04T15:22:33.354Z","v":0}
{"name":"hexo","hostname":"DESKTOP-4U28GDB","pid":6488,"level":20,"msg":"Processed: \u001b[35mlayout/_scripts/boostrap.swig\u001b[39m","time":"2016-07-04T15:22:33.356Z","v":0}
{"name":"hexo","hostname":"DESKTOP-4U28GDB","pid":6488,"level":20,"msg":"Processed: \u001b[35mlayout/_scripts/baidu-push.swig\u001b[39m","time":"2016-07-04T15:22:33.360Z","v":0}
{"name":"hexo","hostname":"DESKTOP-4U28GDB","pid":6488,"level":20,"msg":"Processed: \u001b[35mlayout/_scripts/commons.swig\u001b[39m","time":"2016-07-04T15:22:33.362Z","v":0}
{"name":"hexo","hostname":"DESKTOP-4U28GDB","pid":6488,"level":20,"msg":"Processed: \u001b[35mlayout/_partials/duoshuo-hot-articles.swig\u001b[39m","time":"2016-07-04T15:22:33.363Z","v":0}
{"name":"hexo","hostname":"DESKTOP-4U28GDB","pid":6488,"level":20,"msg":"Processed: \u001b[35mlayout/_scripts/vendors.swig\u001b[39m","time":"2016-07-04T15:22:33.365Z","v":0}
{"name":"hexo","hostname":"DESKTOP-4U28GDB","pid":6488,"level":20,"msg":"Processed: \u001b[35mlayout/_partials/footer.swig\u001b[39m","time":"2016-07-04T15:22:33.366Z","v":0}
{"name":"hexo","hostname":"DESKTOP-4U28GDB","pid":6488,"level":20,"msg":"Processed: \u001b[35mlayout/_partials/header.swig\u001b[39m","time":"2016-07-04T15:22:33.367Z","v":0}
{"name":"hexo","hostname":"DESKTOP-4U28GDB","pid":6488,"level":20,"msg":"Processed: \u001b[35mlayout/_partials/pagination.swig\u001b[39m","time":"2016-07-04T15:22:33.369Z","v":0}
{"name":"hexo","hostname":"DESKTOP-4U28GDB","pid":6488,"level":20,"msg":"Processed: \u001b[35mlayout/_macro/sidebar.swig\u001b[39m","time":"2016-07-04T15:22:33.371Z","v":0}
{"name":"hexo","hostname":"DESKTOP-4U28GDB","pid":6488,"level":20,"msg":"Processed: \u001b[35mlayout/_partials/search.swig\u001b[39m","time":"2016-07-04T15:22:33.373Z","v":0}
{"name":"hexo","hostname":"DESKTOP-4U28GDB","pid":6488,"level":20,"msg":"Processed: \u001b[35mlayout/_partials/comments.swig\u001b[39m","time":"2016-07-04T15:22:33.375Z","v":0}
{"name":"hexo","hostname":"DESKTOP-4U28GDB","pid":6488,"level":20,"msg":"Processed: \u001b[35mlayout/_partials/head.swig\u001b[39m","time":"2016-07-04T15:22:33.376Z","v":0}
{"name":"hexo","hostname":"DESKTOP-4U28GDB","pid":6488,"level":20,"msg":"Processed: \u001b[35mlayout/_scripts/schemes/mist.swig\u001b[39m","time":"2016-07-04T15:22:33.380Z","v":0}
{"name":"hexo","hostname":"DESKTOP-4U28GDB","pid":6488,"level":20,"msg":"Processed: \u001b[35mlayout/_scripts/schemes/muse.swig\u001b[39m","time":"2016-07-04T15:22:33.381Z","v":0}
{"name":"hexo","hostname":"DESKTOP-4U28GDB","pid":6488,"level":20,"msg":"Processed: \u001b[35msource/vendors/ua-parser-js/dist/ua-parser.min.js\u001b[39m","time":"2016-07-04T15:22:33.386Z","v":0}
{"name":"hexo","hostname":"DESKTOP-4U28GDB","pid":6488,"level":20,"msg":"Processed: \u001b[35msource/vendors/ua-parser-js/dist/ua-parser.pack.js\u001b[39m","time":"2016-07-04T15:22:33.389Z","v":0}
{"name":"hexo","hostname":"DESKTOP-4U28GDB","pid":6488,"level":20,"msg":"Processed: \u001b[35msource/vendors/fastclick/lib/fastclick.js\u001b[39m","time":"2016-07-04T15:22:33.393Z","v":0}
{"name":"hexo","hostname":"DESKTOP-4U28GDB","pid":6488,"level":20,"msg":"Processed: \u001b[35msource/vendors/fastclick/lib/fastclick.min.js\u001b[39m","time":"2016-07-04T15:22:33.395Z","v":0}
{"name":"hexo","hostname":"DESKTOP-4U28GDB","pid":6488,"level":20,"msg":"Processed: \u001b[35msource/vendors/fancybox/source/blank.gif\u001b[39m","time":"2016-07-04T15:22:33.397Z","v":0}
{"name":"hexo","hostname":"DESKTOP-4U28GDB","pid":6488,"level":20,"msg":"Processed: \u001b[35msource/vendors/fancybox/source/fancybox_loading@2x.gif\u001b[39m","time":"2016-07-04T15:22:33.399Z","v":0}
{"name":"hexo","hostname":"DESKTOP-4U28GDB","pid":6488,"level":20,"msg":"Processed: \u001b[35msource/vendors/fancybox/source/fancybox_loading.gif\u001b[39m","time":"2016-07-04T15:22:33.401Z","v":0}
{"name":"hexo","hostname":"DESKTOP-4U28GDB","pid":6488,"level":20,"msg":"Processed: \u001b[35msource/vendors/fancybox/source/fancybox_overlay.png\u001b[39m","time":"2016-07-04T15:22:33.403Z","v":0}
{"name":"hexo","hostname":"DESKTOP-4U28GDB","pid":6488,"level":20,"msg":"Processed: \u001b[35msource/vendors/fancybox/source/fancybox_sprite.png\u001b[39m","time":"2016-07-04T15:22:33.405Z","v":0}
{"name":"hexo","hostname":"DESKTOP-4U28GDB","pid":6488,"level":20,"msg":"Processed: \u001b[35msource/vendors/fancybox/source/jquery.fancybox.css\u001b[39m","time":"2016-07-04T15:22:33.408Z","v":0}
{"name":"hexo","hostname":"DESKTOP-4U28GDB","pid":6488,"level":20,"msg":"Processed: \u001b[35msource/vendors/fancybox/source/fancybox_sprite@2x.png\u001b[39m","time":"2016-07-04T15:22:33.410Z","v":0}
{"name":"hexo","hostname":"DESKTOP-4U28GDB","pid":6488,"level":20,"msg":"Processed: \u001b[35msource/vendors/fancybox/source/jquery.fancybox.js\u001b[39m","time":"2016-07-04T15:22:33.413Z","v":0}
{"name":"hexo","hostname":"DESKTOP-4U28GDB","pid":6488,"level":20,"msg":"Processed: \u001b[35msource/vendors/fancybox/source/jquery.fancybox.pack.js\u001b[39m","time":"2016-07-04T15:22:33.415Z","v":0}
{"name":"hexo","hostname":"DESKTOP-4U28GDB","pid":6488,"level":20,"msg":"Processed: \u001b[35msource/vendors/font-awesome/css/font-awesome.css\u001b[39m","time":"2016-07-04T15:22:33.417Z","v":0}
{"name":"hexo","hostname":"DESKTOP-4U28GDB","pid":6488,"level":20,"msg":"Processed: \u001b[35msource/vendors/font-awesome/css/font-awesome.min.css\u001b[39m","time":"2016-07-04T15:22:33.419Z","v":0}
{"name":"hexo","hostname":"DESKTOP-4U28GDB","pid":6488,"level":20,"msg":"Processed: \u001b[35msource/vendors/font-awesome/css/font-awesome.css.map\u001b[39m","time":"2016-07-04T15:22:33.422Z","v":0}
{"name":"hexo","hostname":"DESKTOP-4U28GDB","pid":6488,"level":20,"msg":"Processed: \u001b[35msource/vendors/font-awesome/fonts/fontawesome-webfont.woff2\u001b[39m","time":"2016-07-04T15:22:33.424Z","v":0}
{"name":"hexo","hostname":"DESKTOP-4U28GDB","pid":6488,"level":20,"msg":"Processed: \u001b[35mlayout/_scripts/pages/post-details.swig\u001b[39m","time":"2016-07-04T15:22:33.430Z","v":0}
{"name":"hexo","hostname":"DESKTOP-4U28GDB","pid":6488,"level":20,"msg":"Processed: \u001b[35msource/vendors/velocity/velocity.js\u001b[39m","time":"2016-07-04T15:22:33.433Z","v":0}
{"name":"hexo","hostname":"DESKTOP-4U28GDB","pid":6488,"level":20,"msg":"Processed: \u001b[35msource/vendors/font-awesome/fonts/FontAwesome.otf\u001b[39m","time":"2016-07-04T15:22:33.435Z","v":0}
{"name":"hexo","hostname":"DESKTOP-4U28GDB","pid":6488,"level":20,"msg":"Processed: \u001b[35msource/vendors/font-awesome/fonts/fontawesome-webfont.eot\u001b[39m","time":"2016-07-04T15:22:33.437Z","v":0}
{"name":"hexo","hostname":"DESKTOP-4U28GDB","pid":6488,"level":20,"msg":"Processed: \u001b[35msource/vendors/font-awesome/fonts/fontawesome-webfont.woff\u001b[39m","time":"2016-07-04T15:22:33.440Z","v":0}
{"name":"hexo","hostname":"DESKTOP-4U28GDB","pid":6488,"level":20,"msg":"Processed: \u001b[35mlayout/_partials/search/swiftype.swig\u001b[39m","time":"2016-07-04T15:22:33.469Z","v":0}
{"name":"hexo","hostname":"DESKTOP-4U28GDB","pid":6488,"level":20,"msg":"Processed: \u001b[35mlayout/_partials/search/localsearch.swig\u001b[39m","time":"2016-07-04T15:22:33.470Z","v":0}
{"name":"hexo","hostname":"DESKTOP-4U28GDB","pid":6488,"level":20,"msg":"Processed: \u001b[35mlayout/_partials/search/tinysou.swig\u001b[39m","time":"2016-07-04T15:22:33.472Z","v":0}
{"name":"hexo","hostname":"DESKTOP-4U28GDB","pid":6488,"level":20,"msg":"Processed: \u001b[35mlayout/_scripts/schemes/pisces.swig\u001b[39m","time":"2016-07-04T15:22:33.477Z","v":0}
{"name":"hexo","hostname":"DESKTOP-4U28GDB","pid":6488,"level":20,"msg":"Processed: \u001b[35mlayout/_scripts/third-party/analytics.swig\u001b[39m","time":"2016-07-04T15:22:33.479Z","v":0}
{"name":"hexo","hostname":"DESKTOP-4U28GDB","pid":6488,"level":20,"msg":"Processed: \u001b[35mlayout/_partials/head/external-fonts.swig\u001b[39m","time":"2016-07-04T15:22:33.481Z","v":0}
{"name":"hexo","hostname":"DESKTOP-4U28GDB","pid":6488,"level":20,"msg":"Processed: \u001b[35mlayout/_scripts/third-party/comments.swig\u001b[39m","time":"2016-07-04T15:22:33.483Z","v":0}
{"name":"hexo","hostname":"DESKTOP-4U28GDB","pid":6488,"level":20,"msg":"Processed: \u001b[35mlayout/_scripts/third-party/tinysou.swig\u001b[39m","time":"2016-07-04T15:22:33.485Z","v":0}
{"name":"hexo","hostname":"DESKTOP-4U28GDB","pid":6488,"level":20,"msg":"Processed: \u001b[35mlayout/_scripts/third-party/mathjax.swig\u001b[39m","time":"2016-07-04T15:22:33.486Z","v":0}
{"name":"hexo","hostname":"DESKTOP-4U28GDB","pid":6488,"level":20,"msg":"Processed: \u001b[35mlayout/_partials/share/baidushare.swig\u001b[39m","time":"2016-07-04T15:22:33.489Z","v":0}
{"name":"hexo","hostname":"DESKTOP-4U28GDB","pid":6488,"level":20,"msg":"Processed: \u001b[35mlayout/_partials/share/add-this.swig\u001b[39m","time":"2016-07-04T15:22:33.492Z","v":0}
{"name":"hexo","hostname":"DESKTOP-4U28GDB","pid":6488,"level":20,"msg":"Processed: \u001b[35mlayout/_scripts/third-party/localsearch.swig\u001b[39m","time":"2016-07-04T15:22:33.494Z","v":0}
{"name":"hexo","hostname":"DESKTOP-4U28GDB","pid":6488,"level":20,"msg":"Processed: \u001b[35mlayout/_scripts/third-party/lean-analytics.swig\u001b[39m","time":"2016-07-04T15:22:33.497Z","v":0}
{"name":"hexo","hostname":"DESKTOP-4U28GDB","pid":6488,"level":20,"msg":"Processed: \u001b[35mlayout/_partials/share/jiathis.swig\u001b[39m","time":"2016-07-04T15:22:33.499Z","v":0}
{"name":"hexo","hostname":"DESKTOP-4U28GDB","pid":6488,"level":20,"msg":"Processed: \u001b[35mlayout/_partials/share/duoshuo_share.swig\u001b[39m","time":"2016-07-04T15:22:33.500Z","v":0}
{"name":"hexo","hostname":"DESKTOP-4U28GDB","pid":6488,"level":20,"msg":"Processed: \u001b[35msource/vendors/fancybox/source/helpers/fancybox_buttons.png\u001b[39m","time":"2016-07-04T15:22:33.506Z","v":0}
{"name":"hexo","hostname":"DESKTOP-4U28GDB","pid":6488,"level":20,"msg":"Processed: \u001b[35msource/vendors/fancybox/source/helpers/jquery.fancybox-buttons.js\u001b[39m","time":"2016-07-04T15:22:33.509Z","v":0}
{"name":"hexo","hostname":"DESKTOP-4U28GDB","pid":6488,"level":20,"msg":"Processed: \u001b[35msource/vendors/fancybox/source/helpers/jquery.fancybox-thumbs.css\u001b[39m","time":"2016-07-04T15:22:33.511Z","v":0}
{"name":"hexo","hostname":"DESKTOP-4U28GDB","pid":6488,"level":20,"msg":"Processed: \u001b[35msource/vendors/fancybox/source/helpers/jquery.fancybox-media.js\u001b[39m","time":"2016-07-04T15:22:33.513Z","v":0}
{"name":"hexo","hostname":"DESKTOP-4U28GDB","pid":6488,"level":20,"msg":"Processed: \u001b[35msource/vendors/font-awesome/fonts/fontawesome-webfont.ttf\u001b[39m","time":"2016-07-04T15:22:33.515Z","v":0}
{"name":"hexo","hostname":"DESKTOP-4U28GDB","pid":6488,"level":20,"msg":"Processed: \u001b[35msource/vendors/fancybox/source/helpers/jquery.fancybox-thumbs.js\u001b[39m","time":"2016-07-04T15:22:33.517Z","v":0}
{"name":"hexo","hostname":"DESKTOP-4U28GDB","pid":6488,"level":20,"msg":"Processed: \u001b[35msource/vendors/fancybox/source/helpers/jquery.fancybox-buttons.css\u001b[39m","time":"2016-07-04T15:22:33.519Z","v":0}
{"name":"hexo","hostname":"DESKTOP-4U28GDB","pid":6488,"level":20,"msg":"Processed: \u001b[35mlayout/_scripts/third-party/comments/disqus.swig\u001b[39m","time":"2016-07-04T15:22:33.532Z","v":0}
{"name":"hexo","hostname":"DESKTOP-4U28GDB","pid":6488,"level":20,"msg":"Processed: \u001b[35mlayout/_scripts/third-party/comments/duoshuo.swig\u001b[39m","time":"2016-07-04T15:22:33.534Z","v":0}
{"name":"hexo","hostname":"DESKTOP-4U28GDB","pid":6488,"level":20,"msg":"Processed: \u001b[35mlayout/_scripts/third-party/analytics/baidu-analytics.swig\u001b[39m","time":"2016-07-04T15:22:33.536Z","v":0}
{"name":"hexo","hostname":"DESKTOP-4U28GDB","pid":6488,"level":20,"msg":"Processed: \u001b[35mlayout/_scripts/third-party/analytics/facebook-sdk.swig\u001b[39m","time":"2016-07-04T15:22:33.537Z","v":0}
{"name":"hexo","hostname":"DESKTOP-4U28GDB","pid":6488,"level":20,"msg":"Processed: \u001b[35mlayout/_scripts/third-party/analytics/google-analytics.swig\u001b[39m","time":"2016-07-04T15:22:33.540Z","v":0}
{"name":"hexo","hostname":"DESKTOP-4U28GDB","pid":6488,"level":20,"msg":"Processed: \u001b[35mlayout/_scripts/third-party/analytics/cnzz-analytics.swig\u001b[39m","time":"2016-07-04T15:22:33.544Z","v":0}
{"name":"hexo","hostname":"DESKTOP-4U28GDB","pid":6488,"level":20,"msg":"Processed: \u001b[35mlayout/_scripts/third-party/analytics/tencent-analytics.swig\u001b[39m","time":"2016-07-04T15:22:33.546Z","v":0}
{"name":"hexo","hostname":"DESKTOP-4U28GDB","pid":6488,"level":20,"msg":"Processed: \u001b[35mlayout/_scripts/third-party/analytics/busuanzi-counter.swig\u001b[39m","time":"2016-07-04T15:22:33.553Z","v":0}
{"name":"hexo","hostname":"DESKTOP-4U28GDB","pid":6488,"level":20,"msg":"Processed: \u001b[35msource/vendors/font-awesome/fonts/fontawesome-webfont.svg\u001b[39m","time":"2016-07-04T15:22:33.556Z","v":0}
{"name":"hexo","hostname":"DESKTOP-4U28GDB","pid":6488,"level":20,"msg":"Generator: \u001b[35mpage\u001b[39m","time":"2016-07-04T15:22:34.773Z","v":0}
{"name":"hexo","hostname":"DESKTOP-4U28GDB","pid":6488,"level":20,"msg":"Generator: \u001b[35mpost\u001b[39m","time":"2016-07-04T15:22:34.780Z","v":0}
{"name":"hexo","hostname":"DESKTOP-4U28GDB","pid":6488,"level":20,"msg":"Generator: \u001b[35marchive\u001b[39m","time":"2016-07-04T15:22:34.782Z","v":0}
{"name":"hexo","hostname":"DESKTOP-4U28GDB","pid":6488,"level":20,"msg":"Generator: \u001b[35mcategory\u001b[39m","time":"2016-07-04T15:22:34.787Z","v":0}
{"name":"hexo","hostname":"DESKTOP-4U28GDB","pid":6488,"level":20,"msg":"Generator: \u001b[35mindex\u001b[39m","time":"2016-07-04T15:22:34.788Z","v":0}
{"name":"hexo","hostname":"DESKTOP-4U28GDB","pid":6488,"level":20,"msg":"Generator: \u001b[35mfeed\u001b[39m","time":"2016-07-04T15:22:34.791Z","v":0}
{"name":"hexo","hostname":"DESKTOP-4U28GDB","pid":6488,"level":20,"msg":"Generator: \u001b[35msitemap\u001b[39m","time":"2016-07-04T15:22:34.796Z","v":0}
{"name":"hexo","hostname":"DESKTOP-4U28GDB","pid":6488,"level":20,"msg":"Generator: \u001b[35mtag\u001b[39m","time":"2016-07-04T15:22:34.797Z","v":0}
{"name":"hexo","hostname":"DESKTOP-4U28GDB","pid":6488,"level":20,"msg":"Generator: \u001b[35masset\u001b[39m","time":"2016-07-04T15:22:34.801Z","v":0}
{"name":"hexo","hostname":"DESKTOP-4U28GDB","pid":6488,"level":30,"msg":"Hexo is running at \u001b[4mhttp://localhost:4000/\u001b[24m. Press Ctrl+C to stop.","time":"2016-07-04T15:22:34.812Z","v":0}
{"name":"hexo","hostname":"DESKTOP-4U28GDB","pid":6488,"level":20,"msg":"Database saved","time":"2016-07-04T15:22:34.847Z","v":0}
{"name":"hexo","hostname":"DESKTOP-4U28GDB","pid":6488,"level":20,"msg":"Theme config loaded.","time":"2016-07-04T15:25:13.584Z","v":0}
{"name":"hexo","hostname":"DESKTOP-4U28GDB","pid":6488,"level":20,"msg":"Processed: \u001b[35m_config.yml\u001b[39m","time":"2016-07-04T15:25:13.603Z","v":0}
{"name":"hexo","hostname":"DESKTOP-4U28GDB","pid":6488,"level":20,"msg":"Generator: \u001b[35mpage\u001b[39m","time":"2016-07-04T15:25:13.744Z","v":0}
{"name":"hexo","hostname":"DESKTOP-4U28GDB","pid":6488,"level":20,"msg":"Generator: \u001b[35mpost\u001b[39m","time":"2016-07-04T15:25:13.748Z","v":0}
{"name":"hexo","hostname":"DESKTOP-4U28GDB","pid":6488,"level":20,"msg":"Generator: \u001b[35marchive\u001b[39m","time":"2016-07-04T15:25:13.751Z","v":0}
{"name":"hexo","hostname":"DESKTOP-4U28GDB","pid":6488,"level":20,"msg":"Generator: \u001b[35mcategory\u001b[39m","time":"2016-07-04T15:25:13.757Z","v":0}
{"name":"hexo","hostname":"DESKTOP-4U28GDB","pid":6488,"level":20,"msg":"Generator: \u001b[35mindex\u001b[39m","time":"2016-07-04T15:25:13.760Z","v":0}
{"name":"hexo","hostname":"DESKTOP-4U28GDB","pid":6488,"level":20,"msg":"Generator: \u001b[35mfeed\u001b[39m","time":"2016-07-04T15:25:13.763Z","v":0}
{"name":"hexo","hostname":"DESKTOP-4U28GDB","pid":6488,"level":20,"msg":"Generator: \u001b[35msitemap\u001b[39m","time":"2016-07-04T15:25:13.766Z","v":0}
{"name":"hexo","hostname":"DESKTOP-4U28GDB","pid":6488,"level":20,"msg":"Generator: \u001b[35mtag\u001b[39m","time":"2016-07-04T15:25:13.770Z","v":0}
{"name":"hexo","hostname":"DESKTOP-4U28GDB","pid":6488,"level":20,"msg":"Generator: \u001b[35masset\u001b[39m","time":"2016-07-04T15:25:13.780Z","v":0}
{"name":"hexo","hostname":"DESKTOP-4U28GDB","pid":6488,"level":20,"msg":"Theme config loaded.","time":"2016-07-04T15:28:22.005Z","v":0}
{"name":"hexo","hostname":"DESKTOP-4U28GDB","pid":6488,"level":20,"msg":"Processed: \u001b[35m_config.yml\u001b[39m","time":"2016-07-04T15:28:22.014Z","v":0}
{"name":"hexo","hostname":"DESKTOP-4U28GDB","pid":6488,"level":20,"msg":"Generator: \u001b[35mpage\u001b[39m","time":"2016-07-04T15:28:22.128Z","v":0}
{"name":"hexo","hostname":"DESKTOP-4U28GDB","pid":6488,"level":20,"msg":"Generator: \u001b[35mpost\u001b[39m","time":"2016-07-04T15:28:22.131Z","v":0}
{"name":"hexo","hostname":"DESKTOP-4U28GDB","pid":6488,"level":20,"msg":"Generator: \u001b[35marchive\u001b[39m","time":"2016-07-04T15:28:22.133Z","v":0}
{"name":"hexo","hostname":"DESKTOP-4U28GDB","pid":6488,"level":20,"msg":"Generator: \u001b[35mcategory\u001b[39m","time":"2016-07-04T15:28:22.135Z","v":0}
{"name":"hexo","hostname":"DESKTOP-4U28GDB","pid":6488,"level":20,"msg":"Generator: \u001b[35mindex\u001b[39m","time":"2016-07-04T15:28:22.138Z","v":0}
{"name":"hexo","hostname":"DESKTOP-4U28GDB","pid":6488,"level":20,"msg":"Generator: \u001b[35mfeed\u001b[39m","time":"2016-07-04T15:28:22.139Z","v":0}
{"name":"hexo","hostname":"DESKTOP-4U28GDB","pid":6488,"level":20,"msg":"Generator: \u001b[35msitemap\u001b[39m","time":"2016-07-04T15:28:22.141Z","v":0}
{"name":"hexo","hostname":"DESKTOP-4U28GDB","pid":6488,"level":20,"msg":"Generator: \u001b[35mtag\u001b[39m","time":"2016-07-04T15:28:22.143Z","v":0}
{"name":"hexo","hostname":"DESKTOP-4U28GDB","pid":6488,"level":20,"msg":"Generator: \u001b[35masset\u001b[39m","time":"2016-07-04T15:28:22.146Z","v":0}
{"name":"hexo","hostname":"DESKTOP-4U28GDB","pid":6488,"level":20,"msg":"Processed: \u001b[35mlanguages/zh-Hans.yml\u001b[39m","time":"2016-07-04T15:29:07.106Z","v":0}
{"name":"hexo","hostname":"DESKTOP-4U28GDB","pid":6488,"level":20,"msg":"Generator: \u001b[35mpage\u001b[39m","time":"2016-07-04T15:29:07.233Z","v":0}
{"name":"hexo","hostname":"DESKTOP-4U28GDB","pid":6488,"level":20,"msg":"Generator: \u001b[35mpost\u001b[39m","time":"2016-07-04T15:29:07.235Z","v":0}
{"name":"hexo","hostname":"DESKTOP-4U28GDB","pid":6488,"level":20,"msg":"Generator: \u001b[35marchive\u001b[39m","time":"2016-07-04T15:29:07.237Z","v":0}
{"name":"hexo","hostname":"DESKTOP-4U28GDB","pid":6488,"level":20,"msg":"Generator: \u001b[35mcategory\u001b[39m","time":"2016-07-04T15:29:07.239Z","v":0}
{"name":"hexo","hostname":"DESKTOP-4U28GDB","pid":6488,"level":20,"msg":"Generator: \u001b[35mindex\u001b[39m","time":"2016-07-04T15:29:07.243Z","v":0}
{"name":"hexo","hostname":"DESKTOP-4U28GDB","pid":6488,"level":20,"msg":"Generator: \u001b[35mfeed\u001b[39m","time":"2016-07-04T15:29:07.245Z","v":0}
{"name":"hexo","hostname":"DESKTOP-4U28GDB","pid":6488,"level":20,"msg":"Generator: \u001b[35msitemap\u001b[39m","time":"2016-07-04T15:29:07.247Z","v":0}
{"name":"hexo","hostname":"DESKTOP-4U28GDB","pid":6488,"level":20,"msg":"Generator: \u001b[35mtag\u001b[39m","time":"2016-07-04T15:29:07.249Z","v":0}
{"name":"hexo","hostname":"DESKTOP-4U28GDB","pid":6488,"level":20,"msg":"Generator: \u001b[35masset\u001b[39m","time":"2016-07-04T15:29:07.254Z","v":0}
{"name":"hexo","hostname":"DESKTOP-4U28GDB","pid":6488,"level":50,"msg":"Theme config load failed.","time":"2016-07-04T15:33:54.827Z","v":0}
{"name":"hexo","hostname":"DESKTOP-4U28GDB","pid":6488,"level":50,"err":{"message":"duplicated mapping key at line 389, column 1:\n    css: css\n    ^","name":"YAMLException","stack":"YAMLException: duplicated mapping key at line 389, column 1:\n    css: css\n    ^\n    at generateError (E:\\visual\\hexo\\node_modules\\hexo\\node_modules\\js-yaml\\lib\\js-yaml\\loader.js:162:10)\n    at throwError (E:\\visual\\hexo\\node_modules\\hexo\\node_modules\\js-yaml\\lib\\js-yaml\\loader.js:168:9)\n    at storeMappingPair (E:\\visual\\hexo\\node_modules\\hexo\\node_modules\\js-yaml\\lib\\js-yaml\\loader.js:305:7)\n    at readBlockMapping (E:\\visual\\hexo\\node_modules\\hexo\\node_modules\\js-yaml\\lib\\js-yaml\\loader.js:1065:9)\n    at composeNode (E:\\visual\\hexo\\node_modules\\hexo\\node_modules\\js-yaml\\lib\\js-yaml\\loader.js:1326:12)\n    at readDocument (E:\\visual\\hexo\\node_modules\\hexo\\node_modules\\js-yaml\\lib\\js-yaml\\loader.js:1488:3)\n    at loadDocuments (E:\\visual\\hexo\\node_modules\\hexo\\node_modules\\js-yaml\\lib\\js-yaml\\loader.js:1544:5)\n    at Object.load (E:\\visual\\hexo\\node_modules\\hexo\\node_modules\\js-yaml\\lib\\js-yaml\\loader.js:1561:19)\n    at Hexo.yamlHelper (E:\\visual\\hexo\\node_modules\\hexo\\lib\\plugins\\renderer\\yaml.js:7:15)\n    at Hexo.tryCatcher (E:\\visual\\hexo\\node_modules\\hexo\\node_modules\\bluebird\\js\\release\\util.js:16:23)\n    at Hexo.<anonymous> (E:\\visual\\hexo\\node_modules\\hexo\\node_modules\\bluebird\\js\\release\\method.js:15:34)\n    at E:\\visual\\hexo\\node_modules\\hexo\\lib\\hexo\\render.js:61:21\n    at tryCatcher (E:\\visual\\hexo\\node_modules\\hexo\\node_modules\\bluebird\\js\\release\\util.js:16:23)\n    at Promise._settlePromiseFromHandler (E:\\visual\\hexo\\node_modules\\hexo\\node_modules\\bluebird\\js\\release\\promise.js:504:31)\n    at Promise._settlePromise (E:\\visual\\hexo\\node_modules\\hexo\\node_modules\\bluebird\\js\\release\\promise.js:561:18)\n    at Promise._settlePromise0 (E:\\visual\\hexo\\node_modules\\hexo\\node_modules\\bluebird\\js\\release\\promise.js:606:10)\n    at Promise._settlePromises (E:\\visual\\hexo\\node_modules\\hexo\\node_modules\\bluebird\\js\\release\\promise.js:685:18)\n    at Async._drainQueue (E:\\visual\\hexo\\node_modules\\hexo\\node_modules\\bluebird\\js\\release\\async.js:138:16)\n    at Async._drainQueues (E:\\visual\\hexo\\node_modules\\hexo\\node_modules\\bluebird\\js\\release\\async.js:148:10)\n    at Immediate.Async.drainQueues [as _onImmediate] (E:\\visual\\hexo\\node_modules\\hexo\\node_modules\\bluebird\\js\\release\\async.js:17:14)\n    at processImmediate [as _immediateCallback] (timers.js:383:17)"},"msg":"Process failed: \u001b[35m_config.yml\u001b[39m","time":"2016-07-04T15:33:54.835Z","v":0}
{"name":"hexo","hostname":"DESKTOP-4U28GDB","pid":6488,"level":20,"msg":"Theme config loaded.","time":"2016-07-04T15:34:46.098Z","v":0}
{"name":"hexo","hostname":"DESKTOP-4U28GDB","pid":6488,"level":20,"msg":"Processed: \u001b[35m_config.yml\u001b[39m","time":"2016-07-04T15:34:46.104Z","v":0}
{"name":"hexo","hostname":"DESKTOP-4U28GDB","pid":6488,"level":20,"msg":"Generator: \u001b[35mpage\u001b[39m","time":"2016-07-04T15:34:46.234Z","v":0}
{"name":"hexo","hostname":"DESKTOP-4U28GDB","pid":6488,"level":20,"msg":"Generator: \u001b[35mpost\u001b[39m","time":"2016-07-04T15:34:46.236Z","v":0}
{"name":"hexo","hostname":"DESKTOP-4U28GDB","pid":6488,"level":20,"msg":"Generator: \u001b[35marchive\u001b[39m","time":"2016-07-04T15:34:46.237Z","v":0}
{"name":"hexo","hostname":"DESKTOP-4U28GDB","pid":6488,"level":20,"msg":"Generator: \u001b[35mcategory\u001b[39m","time":"2016-07-04T15:34:46.239Z","v":0}
{"name":"hexo","hostname":"DESKTOP-4U28GDB","pid":6488,"level":20,"msg":"Generator: \u001b[35mindex\u001b[39m","time":"2016-07-04T15:34:46.240Z","v":0}
{"name":"hexo","hostname":"DESKTOP-4U28GDB","pid":6488,"level":20,"msg":"Generator: \u001b[35mfeed\u001b[39m","time":"2016-07-04T15:34:46.245Z","v":0}
{"name":"hexo","hostname":"DESKTOP-4U28GDB","pid":6488,"level":20,"msg":"Generator: \u001b[35msitemap\u001b[39m","time":"2016-07-04T15:34:46.246Z","v":0}
{"name":"hexo","hostname":"DESKTOP-4U28GDB","pid":6488,"level":20,"msg":"Generator: \u001b[35mtag\u001b[39m","time":"2016-07-04T15:34:46.251Z","v":0}
{"name":"hexo","hostname":"DESKTOP-4U28GDB","pid":6488,"level":20,"msg":"Generator: \u001b[35masset\u001b[39m","time":"2016-07-04T15:34:46.254Z","v":0}
{"name":"hexo","hostname":"DESKTOP-4U28GDB","pid":6488,"level":30,"msg":"Bye!","time":"2016-07-04T15:34:54.289Z","v":0}
{"name":"hexo","hostname":"DESKTOP-4U28GDB","pid":6488,"level":20,"msg":"Database saved","time":"2016-07-04T15:34:54.338Z","v":0}
